<?xml version="1.0" encoding="UTF-8"?>
<testng-results skipped="0" failed="0" total="2" passed="2">
  <reporter-output>
  </reporter-output>
  <suite name="Default suite" duration-ms="66521" started-at="2016-10-28T06:10:08Z" finished-at="2016-10-28T06:11:14Z">
    <groups>
    </groups>
    <test name="Default test" duration-ms="66521" started-at="2016-10-28T06:10:08Z" finished-at="2016-10-28T06:11:14Z">
      <class name="com.irctc.project.IrctcTest">
        <test-method status="PASS" signature="irctcTest(java.lang.String, java.lang.String)[pri:0, instance:com.irctc.project.IrctcTest@c038203]" name="irctcTest" duration-ms="34087" started-at="2016-10-28T11:40:08Z" data-provider="dp" finished-at="2016-10-28T11:40:42Z">
          <params>
            <param index="0">
              <value>
                <![CDATA[Jaipur]]>
              </value>
            </param>
            <param index="1">
              <value>
                <![CDATA[Delhi]]>
              </value>
            </param>
          </params>
          <reporter-output>
          </reporter-output>
        </test-method> <!-- irctcTest -->
        <test-method status="PASS" signature="irctcTest(java.lang.String, java.lang.String)[pri:0, instance:com.irctc.project.IrctcTest@c038203]" name="irctcTest" duration-ms="31731" started-at="2016-10-28T11:40:42Z" data-provider="dp" finished-at="2016-10-28T11:41:14Z">
          <params>
            <param index="0">
              <value>
                <![CDATA[chennai]]>
              </value>
            </param>
            <param index="1">
              <value>
                <![CDATA[Mumbai]]>
              </value>
            </param>
          </params>
          <reporter-output>
          </reporter-output>
        </test-method> <!-- irctcTest -->
      </class> <!-- com.irctc.project.IrctcTest -->
    </test> <!-- Default test -->
  </suite> <!-- Default suite -->
</testng-results>
