<?xml version="1.0" encoding="UTF-8"?>
<testng-results skipped="0" failed="0" total="1" passed="1">
  <reporter-output>
  </reporter-output>
  <suite name="Default suite" duration-ms="34469" started-at="2016-10-20T05:12:13Z" finished-at="2016-10-20T05:12:48Z">
    <groups>
    </groups>
    <test name="Default test" duration-ms="34469" started-at="2016-10-20T05:12:13Z" finished-at="2016-10-20T05:12:48Z">
      <class name="IRCTC_Test_login.IRCTClogin">
        <test-method status="PASS" signature="IrctcTest()[pri:0, instance:IRCTC_Test_login.IRCTClogin@735b5592]" name="IrctcTest" duration-ms="34448" started-at="2016-10-20T10:42:13Z" finished-at="2016-10-20T10:42:48Z">
          <reporter-output>
          </reporter-output>
        </test-method> <!-- IrctcTest -->
      </class> <!-- IRCTC_Test_login.IRCTClogin -->
    </test> <!-- Default test -->
  </suite> <!-- Default suite -->
</testng-results>
